app/build/outputs/logs/manifest-merger-debug-report.txt
-- Merging decision tree log ---
provider#android.support.v4.content.FileProvider
INJECTED from src\main\AndroidManifest.xml:190:9-198:20
	android:grantUriPermissions
		ADDED from src\main\AndroidManifest.xml:194:13-47
	android:authorities
		INJECTED from src\main\AndroidManifest.xml
		ADDED from src\main\AndroidManifest.xml:192:13-64
	android:exported
		ADDED from src\main\AndroidManifest.xml:193:13-37
	android:name
		ADDED from src\main\AndroidManifest.xml:191:13-67
manifest
ADDED from src\main\AndroidManifest.xml:2:1-208:12
INJECTED from src\main\AndroidManifest.xml:2:1-208:12
INJECTED from src\main\AndroidManifest.xml:2:1-208:12
INJECTED from src\main\AndroidManifest.xml:2:1-208:12
MERGED from [com.android.support:multidex:1.0.3] AndroidManifest.xml:17:1-22:12
MERGED from [com.github.jdsjlzx:LRecyclerView:1.5.4.3] AndroidManifest.xml:2:1-13:12
MERGED from [com.android.support:design:28.0.0] AndroidManifest.xml:17:1-24:12
MERGED from [pub.devrel:easypermissions:2.0.1] AndroidManifest.xml:2:1-19:12
MERGED from [:fileexport] AndroidManifest.xml:2:1-25:12
MERGED from [:videoplayer] AndroidManifest.xml:2:1-20:12
MERGED from [:litpal] AndroidManifest.xml:2:1-11:12
MERGED from [com.android.support:appcompat-v7:28.0.0] AndroidManifest.xml:17:1-22:12
MERGED from [com.android.support.constraint:constraint-layout:1.1.3] AndroidManifest.xml:2:1-11:12
MERGED from [:map] AndroidManifest.xml:2:1-13:12
MERGED from [com.blankj:utilcode:1.3.6] AndroidManifest.xml:2:1-10:12
MERGED from [com.tencent.bugly:crashreport_upgrade:1.3.6] AndroidManifest.xml:2:1-46:12
MERGED from [com.tencent.tinker:tinker-android-lib:1.9.9] AndroidManifest.xml:2:1-39:12
MERGED from [cn.finalteam:galleryfinal:1.4.8.7] AndroidManifest.xml:2:1-36:12
MERGED from [cn.finalteam:toolsfinal:1.1.5] AndroidManifest.xml:2:1-28:12
MERGED from [com.android.support:support-v4:28.0.0] AndroidManifest.xml:17:1-22:12
MERGED from [com.gyf.immersionbar:immersionbar:2.3.3] AndroidManifest.xml:2:1-10:12
MERGED from [com.jakewharton:butterknife:8.5.1] AndroidManifest.xml:2:1-7:12
MERGED from [com.bm.photoview:library:1.4.1] AndroidManifest.xml:2:1-14:12
MERGED from [com.zhy:okhttputils:2.6.2] AndroidManifest.xml:2:1-11:12
MERGED from [com.lzy.net:okhttpserver:1.0.3] AndroidManifest.xml:2:1-15:12
MERGED from [com.github.gzu-liyujiang.AndroidPicker:ColorPicker:1.5.6.20181018] AndroidManifest.xml:2:1-12:12
MERGED from [com.android.support:support-fragment:28.0.0] AndroidManifest.xml:17:1-22:12
MERGED from [com.android.support:animated-vector-drawable:28.0.0] AndroidManifest.xml:17:1-22:12
MERGED from [com.android.support:recyclerview-v7:28.0.0] AndroidManifest.xml:17:1-22:12
MERGED from [com.android.support:support-core-ui:28.0.0] AndroidManifest.xml:17:1-22:12
MERGED from [com.android.support:support-core-utils:28.0.0] AndroidManifest.xml:17:1-22:12
MERGED from [com.android.support:support-vector-drawable:28.0.0] AndroidManifest.xml:17:1-22:12
MERGED from [com.android.support:transition:28.0.0] AndroidManifest.xml:17:1-22:12
MERGED from [com.android.support:support-media-compat:28.0.0] AndroidManifest.xml:17:1-22:12
MERGED from [com.android.support:loader:28.0.0] AndroidManifest.xml:17:1-22:12
MERGED from [com.android.support:viewpager:28.0.0] AndroidManifest.xml:17:1-22:12
MERGED from [com.android.support:coordinatorlayout:28.0.0] AndroidManifest.xml:17:1-22:12
MERGED from [com.android.support:drawerlayout:28.0.0] AndroidManifest.xml:17:1-22:12
MERGED from [com.android.support:slidingpanelayout:28.0.0] AndroidManifest.xml:17:1-22:12
MERGED from [com.android.support:customview:28.0.0] AndroidManifest.xml:17:1-22:12
MERGED from [com.android.support:swiperefreshlayout:28.0.0] AndroidManifest.xml:17:1-22:12
MERGED from [com.android.support:asynclayoutinflater:28.0.0] AndroidManifest.xml:17:1-22:12
MERGED from [com.android.support:support-compat:28.0.0] AndroidManifest.xml:17:1-24:12
MERGED from [com.android.support:versionedparcelable:28.0.0] AndroidManifest.xml:17:1-25:12
MERGED from [com.android.support:cursoradapter:28.0.0] AndroidManifest.xml:17:1-22:12
MERGED from [com.android.support:cardview-v7:28.0.0] AndroidManifest.xml:17:1-22:12
MERGED from [com.tencent.tinker:tinker-android-loader:1.9.9] AndroidManifest.xml:2:1-161:12
MERGED from [com.lzy.net:okhttputils:1.8.1] AndroidManifest.xml:2:1-16:12
MERGED from [android.arch.lifecycle:runtime:1.1.1] AndroidManifest.xml:17:1-22:12
MERGED from [com.android.support:documentfile:28.0.0] AndroidManifest.xml:17:1-22:12
MERGED from [com.android.support:localbroadcastmanager:28.0.0] AndroidManifest.xml:17:1-22:12
MERGED from [com.android.support:print:28.0.0] AndroidManifest.xml:17:1-22:12
MERGED from [android.arch.lifecycle:viewmodel:1.1.1] AndroidManifest.xml:17:1-22:12
MERGED from [com.android.support:interpolator:28.0.0] AndroidManifest.xml:17:1-22:12
MERGED from [android.arch.lifecycle:livedata:1.1.1] AndroidManifest.xml:17:1-22:12
MERGED from [android.arch.lifecycle:livedata-core:1.1.1] AndroidManifest.xml:17:1-22:12
MERGED from [android.arch.core:runtime:1.1.1] AndroidManifest.xml:17:1-22:12
MERGED from [com.github.gzu-liyujiang.AndroidPicker:Common:1.5.6.20181018] AndroidManifest.xml:2:1-12:12
MERGED from [net.zetetic:android-database-sqlcipher:3.5.6] AndroidManifest.xml:2:1-4:12
INJECTED from src\main\AndroidManifest.xml:2:1-208:12
INJECTED from src\main\AndroidManifest.xml:2:1-208:12
INJECTED from src\main\AndroidManifest.xml:2:1-208:12
	package
		ADDED from src\main\AndroidManifest.xml:4:5-34
		INJECTED from src\main\AndroidManifest.xml
		INJECTED from src\main\AndroidManifest.xml
	android:versionName
		INJECTED from src\main\AndroidManifest.xml
		ADDED from src\main\AndroidManifest.xml:2:1-208:12
		INJECTED from src\main\AndroidManifest.xml
	xmlns:tools
		ADDED from src\main\AndroidManifest.xml:3:5-51
	android:versionCode
		INJECTED from src\main\AndroidManifest.xml
		ADDED from src\main\AndroidManifest.xml:2:1-208:12
		INJECTED from src\main\AndroidManifest.xml
	xmlns:android
		ADDED from src\main\AndroidManifest.xml:2:11-69
uses-permission#android.permission.KILL_BACKGROUND_PROCESSES
ADDED from src\main\AndroidManifest.xml:6:5-84
	android:name
		ADDED from src\main\AndroidManifest.xml:6:22-81
uses-permission#android.permission.RECEIVE_USER_PRESENT
ADDED from src\main\AndroidManifest.xml:7:5-79
	android:name
		ADDED from src\main\AndroidManifest.xml:7:22-76
uses-permission#android.permission.INTERNET
ADDED from src\main\AndroidManifest.xml:8:5-67
MERGED from [:videoplayer] AndroidManifest.xml:11:5-67
MERGED from [:videoplayer] AndroidManifest.xml:11:5-67
MERGED from [com.tencent.bugly:crashreport_upgrade:1.3.6] AndroidManifest.xml:12:5-67
MERGED from [com.tencent.bugly:crashreport_upgrade:1.3.6] AndroidManifest.xml:12:5-67
MERGED from [com.lzy.net:okhttputils:1.8.1] AndroidManifest.xml:11:5-67
MERGED from [com.lzy.net:okhttputils:1.8.1] AndroidManifest.xml:11:5-67
	android:name
		ADDED from src\main\AndroidManifest.xml:8:22-64
uses-permission#android.permission.WAKE_LOCK
ADDED from src\main\AndroidManifest.xml:9:5-68
	android:name
		ADDED from src\main\AndroidManifest.xml:9:22-65
uses-permission#android.permission.READ_PHONE_STATE
ADDED from src\main\AndroidManifest.xml:10:5-75
MERGED from [com.tencent.bugly:crashreport_upgrade:1.3.6] AndroidManifest.xml:11:5-75
MERGED from [com.tencent.bugly:crashreport_upgrade:1.3.6] AndroidManifest.xml:11:5-75
MERGED from [cn.finalteam:toolsfinal:1.1.5] AndroidManifest.xml:18:5-75
MERGED from [cn.finalteam:toolsfinal:1.1.5] AndroidManifest.xml:18:5-75
	android:name
		ADDED from src\main\AndroidManifest.xml:10:22-72
uses-permission#android.permission.WRITE_EXTERNAL_STORAGE
ADDED from src\main\AndroidManifest.xml:11:5-81
MERGED from [com.tencent.bugly:crashreport_upgrade:1.3.6] AndroidManifest.xml:16:5-81
MERGED from [com.tencent.bugly:crashreport_upgrade:1.3.6] AndroidManifest.xml:16:5-81
MERGED from [cn.finalteam:galleryfinal:1.4.8.7] AndroidManifest.xml:14:5-81
MERGED from [cn.finalteam:galleryfinal:1.4.8.7] AndroidManifest.xml:14:5-81
MERGED from [cn.finalteam:toolsfinal:1.1.5] AndroidManifest.xml:14:5-81
MERGED from [cn.finalteam:toolsfinal:1.1.5] AndroidManifest.xml:14:5-81
MERGED from [com.lzy.net:okhttputils:1.8.1] AndroidManifest.xml:13:5-81
MERGED from [com.lzy.net:okhttputils:1.8.1] AndroidManifest.xml:13:5-81
	android:name
		ADDED from src\main\AndroidManifest.xml:11:22-78
uses-permission#android.permission.READ_EXTERNAL_STORAGE
ADDED from src\main\AndroidManifest.xml:12:5-80
MERGED from [:videoplayer] AndroidManifest.xml:12:5-80
MERGED from [:videoplayer] AndroidManifest.xml:12:5-80
MERGED from [cn.finalteam:galleryfinal:1.4.8.7] AndroidManifest.xml:16:5-80
MERGED from [cn.finalteam:galleryfinal:1.4.8.7] AndroidManifest.xml:16:5-80
MERGED from [cn.finalteam:toolsfinal:1.1.5] AndroidManifest.xml:16:5-80
MERGED from [cn.finalteam:toolsfinal:1.1.5] AndroidManifest.xml:16:5-80
MERGED from [com.lzy.net:okhttputils:1.8.1] AndroidManifest.xml:12:5-80
MERGED from [com.lzy.net:okhttputils:1.8.1] AndroidManifest.xml:12:5-80
	android:name
		ADDED from src\main\AndroidManifest.xml:12:22-77
uses-permission#android.permission.VIBRATE
ADDED from src\main\AndroidManifest.xml:13:5-66
	android:name
		ADDED from src\main\AndroidManifest.xml:13:22-63
uses-permission#android.permission.CAMERA
ADDED from src\main\AndroidManifest.xml:14:5-65
	android:name
		ADDED from src\main\AndroidManifest.xml:14:22-62
uses-permission#android.permission.ACCESS_NETWORK_STATE
ADDED from src\main\AndroidManifest.xml:15:5-79
MERGED from [:videoplayer] AndroidManifest.xml:13:5-79
MERGED from [:videoplayer] AndroidManifest.xml:13:5-79
MERGED from [com.tencent.bugly:crashreport_upgrade:1.3.6] AndroidManifest.xml:13:5-79
MERGED from [com.tencent.bugly:crashreport_upgrade:1.3.6] AndroidManifest.xml:13:5-79
MERGED from [cn.finalteam:toolsfinal:1.1.5] AndroidManifest.xml:24:5-79
MERGED from [cn.finalteam:toolsfinal:1.1.5] AndroidManifest.xml:24:5-79
	android:name
		ADDED from src\main\AndroidManifest.xml:15:22-76
uses-permission#android.permission.ACCESS_WIFI_STATE
ADDED from src\main\AndroidManifest.xml:16:5-76
MERGED from [com.tencent.bugly:crashreport_upgrade:1.3.6] AndroidManifest.xml:14:5-76
MERGED from [com.tencent.bugly:crashreport_upgrade:1.3.6] AndroidManifest.xml:14:5-76
MERGED from [cn.finalteam:toolsfinal:1.1.5] AndroidManifest.xml:20:5-76
MERGED from [cn.finalteam:toolsfinal:1.1.5] AndroidManifest.xml:20:5-76
	android:name
		ADDED from src\main\AndroidManifest.xml:16:22-73
uses-permission#android.permission.REQUEST_INSTALL_PACKAGES
ADDED from src\main\AndroidManifest.xml:17:5-83
MERGED from [com.tencent.bugly:crashreport_upgrade:1.3.6] AndroidManifest.xml:17:5-83
MERGED from [com.tencent.bugly:crashreport_upgrade:1.3.6] AndroidManifest.xml:17:5-83
	android:name
		ADDED from src\main\AndroidManifest.xml:17:22-80
uses-permission#android.permission.SYSTEM_ALERT_WINDOW
ADDED from src\main\AndroidManifest.xml:18:5-78
	android:name
		ADDED from src\main\AndroidManifest.xml:18:22-75
uses-permission#android.permission.ACCESS_COARSE_LOCATION
ADDED from src\main\AndroidManifest.xml:19:5-81
	android:name
		ADDED from src\main\AndroidManifest.xml:19:22-78
uses-permission#android.permission.CHANGE_WIFI_STATE
ADDED from src\main\AndroidManifest.xml:20:5-76
	android:name
		ADDED from src\main\AndroidManifest.xml:20:22-73
uses-permission#android.permission.ACCESS_FINE_LOCATION
ADDED from src\main\AndroidManifest.xml:21:5-79
	android:name
		ADDED from src\main\AndroidManifest.xml:21:22-76
uses-permission#android.permission.ACCESS_LOCATION_EXTRA_COMMANDS
ADDED from src\main\AndroidManifest.xml:22:5-89
	android:name
		ADDED from src\main\AndroidManifest.xml:22:22-86
uses-permission#android.permission.CHANGE_NETWORK_STATE
ADDED from src\main\AndroidManifest.xml:23:5-79
	android:name
		ADDED from src\main\AndroidManifest.xml:23:22-76
uses-permission#android.permission.GET_TASKS
ADDED from src\main\AndroidManifest.xml:24:5-68
MERGED from [cn.finalteam:toolsfinal:1.1.5] AndroidManifest.xml:22:5-68
MERGED from [cn.finalteam:toolsfinal:1.1.5] AndroidManifest.xml:22:5-68
	android:name
		ADDED from src\main\AndroidManifest.xml:24:22-65
uses-permission#android.permission.CALL_PHONE
ADDED from src\main\AndroidManifest.xml:25:5-69
MERGED from [cn.finalteam:toolsfinal:1.1.5] AndroidManifest.xml:26:5-69
MERGED from [cn.finalteam:toolsfinal:1.1.5] AndroidManifest.xml:26:5-69
	android:name
		ADDED from src\main\AndroidManifest.xml:25:22-66
uses-permission#android.permission.RECORD_AUDIO
ADDED from src\main\AndroidManifest.xml:26:5-71
	android:name
		ADDED from src\main\AndroidManifest.xml:26:22-68
uses-permission#android.permission.BLUETOOTH
ADDED from src\main\AndroidManifest.xml:27:5-68
	android:name
		ADDED from src\main\AndroidManifest.xml:27:22-65
uses-permission#android.permission.BLUETOOTH_ADMIN
ADDED from src\main\AndroidManifest.xml:28:5-74
	android:name
		ADDED from src\main\AndroidManifest.xml:28:22-71
uses-permission#android.permission.RECEIVE_BOOT_COMPLETED
ADDED from src\main\AndroidManifest.xml:29:5-81
	android:name
		ADDED from src\main\AndroidManifest.xml:29:22-78
uses-permission#android.permission.ACCESS_DOWNLOAD_MANAGER
ADDED from src\main\AndroidManifest.xml:30:5-82
	android:name
		ADDED from src\main\AndroidManifest.xml:30:22-79
uses-permission#android.permission.DOWNLOAD_WITHOUT_NOTIFICATION
ADDED from src\main\AndroidManifest.xml:31:5-88
	android:name
		ADDED from src\main\AndroidManifest.xml:31:22-85
uses-permission#android.permission.DISABLE_KEYGUARD
ADDED from src\main\AndroidManifest.xml:32:5-75
	android:name
		ADDED from src\main\AndroidManifest.xml:32:22-72
application
ADDED from src\main\AndroidManifest.xml:34:5-206:19
MERGED from [com.github.jdsjlzx:LRecyclerView:1.5.4.3] AndroidManifest.xml:11:5-20
MERGED from [com.github.jdsjlzx:LRecyclerView:1.5.4.3] AndroidManifest.xml:11:5-20
MERGED from [com.android.support:design:28.0.0] AndroidManifest.xml:22:5-20
MERGED from [com.android.support:design:28.0.0] AndroidManifest.xml:22:5-20
MERGED from [pub.devrel:easypermissions:2.0.1] AndroidManifest.xml:11:5-17:19
MERGED from [pub.devrel:easypermissions:2.0.1] AndroidManifest.xml:11:5-17:19
MERGED from [:fileexport] AndroidManifest.xml:11:5-23:19
MERGED from [:fileexport] AndroidManifest.xml:11:5-23:19
MERGED from [:videoplayer] AndroidManifest.xml:15:5-18:19
MERGED from [:videoplayer] AndroidManifest.xml:15:5-18:19
MERGED from [com.android.support.constraint:constraint-layout:1.1.3] AndroidManifest.xml:9:5-20
MERGED from [com.android.support.constraint:constraint-layout:1.1.3] AndroidManifest.xml:9:5-20
MERGED from [:map] AndroidManifest.xml:11:5-45
MERGED from [:map] AndroidManifest.xml:11:5-45
MERGED from [com.tencent.bugly:crashreport_upgrade:1.3.6] AndroidManifest.xml:20:5-44:19
MERGED from [com.tencent.bugly:crashreport_upgrade:1.3.6] AndroidManifest.xml:20:5-44:19
MERGED from [com.tencent.tinker:tinker-android-lib:1.9.9] AndroidManifest.xml:9:5-37:19
MERGED from [com.tencent.tinker:tinker-android-lib:1.9.9] AndroidManifest.xml:9:5-37:19
MERGED from [cn.finalteam:galleryfinal:1.4.8.7] AndroidManifest.xml:18:5-34:19
MERGED from [cn.finalteam:galleryfinal:1.4.8.7] AndroidManifest.xml:18:5-34:19
MERGED from [com.bm.photoview:library:1.4.1] AndroidManifest.xml:11:5-12:19
MERGED from [com.bm.photoview:library:1.4.1] AndroidManifest.xml:11:5-12:19
MERGED from [com.lzy.net:okhttpserver:1.0.3] AndroidManifest.xml:11:5-13:19
MERGED from [com.lzy.net:okhttpserver:1.0.3] AndroidManifest.xml:11:5-13:19
MERGED from [com.android.support:support-compat:28.0.0] AndroidManifest.xml:22:5-94
MERGED from [com.android.support:support-compat:28.0.0] AndroidManifest.xml:22:5-94
MERGED from [com.android.support:versionedparcelable:28.0.0] AndroidManifest.xml:22:5-23:19
MERGED from [com.android.support:versionedparcelable:28.0.0] AndroidManifest.xml:22:5-23:19
MERGED from [com.tencent.tinker:tinker-android-loader:1.9.9] AndroidManifest.xml:9:5-159:19
MERGED from [com.tencent.tinker:tinker-android-loader:1.9.9] AndroidManifest.xml:9:5-159:19
	android:appComponentFactory
		ADDED from [com.android.support:support-compat:28.0.0] AndroidManifest.xml:22:18-91
	android:supportsRtl
		ADDED from src\main\AndroidManifest.xml:42:9-35
	android:label
		ADDED from src\main\AndroidManifest.xml:39:9-41
	android:hardwareAccelerated
		ADDED from src\main\AndroidManifest.xml:37:9-44
	android:roundIcon
		ADDED from src\main\AndroidManifest.xml:41:9-54
	android:largeHeap
		ADDED from src\main\AndroidManifest.xml:40:9-33
	android:icon
		ADDED from src\main\AndroidManifest.xml:38:9-43
	android:allowBackup
		ADDED from src\main\AndroidManifest.xml:36:9-35
	android:theme
		ADDED from src\main\AndroidManifest.xml:43:9-40
	android:usesCleartextTraffic
		ADDED from src\main\AndroidManifest.xml:44:9-44
	android:name
		ADDED from src\main\AndroidManifest.xml:35:9-39
activity#com.huejie.osmdroid.project.recordbook.activity.ExistingRiverProjectActivity
ADDED from src\main\AndroidManifest.xml:45:9-48:61
	android:screenOrientation
		ADDED from src\main\AndroidManifest.xml:48:13-49
	android:launchMode
		ADDED from src\main\AndroidManifest.xml:47:13-43
	android:name
		ADDED from src\main\AndroidManifest.xml:46:13-85
activity#com.huejie.osmdroid.project.recordbook.activity.FloodLevelSurveyRecordsActivity
ADDED from src\main\AndroidManifest.xml:49:9-52:61
	android:screenOrientation
		ADDED from src\main\AndroidManifest.xml:52:13-49
	android:launchMode
		ADDED from src\main\AndroidManifest.xml:51:13-43
	android:name
		ADDED from src\main\AndroidManifest.xml:50:13-88
activity#com.huejie.osmdroid.activity.AnnexLibraryActivity
ADDED from src\main\AndroidManifest.xml:53:9-56:52
	android:screenOrientation
		ADDED from src\main\AndroidManifest.xml:56:13-49
	android:launchMode
		ADDED from src\main\AndroidManifest.xml:55:13-43
	android:name
		ADDED from src\main\AndroidManifest.xml:54:13-58
activity#com.huejie.osmdroid.more.activity.ChooseFavoritesAreaActivity
ADDED from src\main\AndroidManifest.xml:57:9-60:52
	android:screenOrientation
		ADDED from src\main\AndroidManifest.xml:60:13-49
	android:launchMode
		ADDED from src\main\AndroidManifest.xml:59:13-43
	android:name
		ADDED from src\main\AndroidManifest.xml:58:13-70
activity#com.huejie.osmdroid.activity.AssociationWorkpointActivity
ADDED from src\main\AndroidManifest.xml:61:9-64:52
	android:screenOrientation
		ADDED from src\main\AndroidManifest.xml:64:13-49
	android:launchMode
		ADDED from src\main\AndroidManifest.xml:63:13-43
	android:name
		ADDED from src\main\AndroidManifest.xml:62:13-66
activity#com.huejie.osmdroid.project.recordbook.activity.LocalProjectActivity
ADDED from src\main\AndroidManifest.xml:65:9-68:52
	android:screenOrientation
		ADDED from src\main\AndroidManifest.xml:68:13-49
	android:launchMode
		ADDED from src\main\AndroidManifest.xml:67:13-43
	android:name
		ADDED from src\main\AndroidManifest.xml:66:13-77
activity#com.huejie.osmdroid.project.recordbook.activity.ChooseWorkPointActivity
ADDED from src\main\AndroidManifest.xml:69:9-72:52
	android:screenOrientation
		ADDED from src\main\AndroidManifest.xml:72:13-49
	android:launchMode
		ADDED from src\main\AndroidManifest.xml:71:13-43
	android:name
		ADDED from src\main\AndroidManifest.xml:70:13-80
activity#com.huejie.osmdroid.more.activity.IconChooseActivity
ADDED from src\main\AndroidManifest.xml:73:9-76:52
	android:screenOrientation
		ADDED from src\main\AndroidManifest.xml:76:13-49
	android:launchMode
		ADDED from src\main\AndroidManifest.xml:75:13-43
	android:name
		ADDED from src\main\AndroidManifest.xml:74:13-61
activity#com.huejie.osmdroid.project.recordbook.activity.MediaPlayerActivity
ADDED from src\main\AndroidManifest.xml:77:9-80:52
	android:screenOrientation
		ADDED from src\main\AndroidManifest.xml:80:13-49
	android:launchMode
		ADDED from src\main\AndroidManifest.xml:79:13-43
	android:name
		ADDED from src\main\AndroidManifest.xml:78:13-76
activity#com.huejie.osmdroid.more.activity.ChooseMapActivity
ADDED from src\main\AndroidManifest.xml:81:9-84:52
	android:screenOrientation
		ADDED from src\main\AndroidManifest.xml:84:13-49
	android:launchMode
		ADDED from src\main\AndroidManifest.xml:83:13-43
	android:name
		ADDED from src\main\AndroidManifest.xml:82:13-60
activity#com.huejie.osmdroid.project.recordbook.activity.OverlayControlActivity
ADDED from src\main\AndroidManifest.xml:85:9-88:52
	android:screenOrientation
		ADDED from src\main\AndroidManifest.xml:88:13-49
	android:launchMode
		ADDED from src\main\AndroidManifest.xml:87:13-43
	android:name
		ADDED from src\main\AndroidManifest.xml:86:13-79
activity#com.huejie.osmdroid.project.recordbook.activity.ChoosePositionByPictureActivity
ADDED from src\main\AndroidManifest.xml:89:9-92:52
	android:screenOrientation
		ADDED from src\main\AndroidManifest.xml:92:13-49
	android:launchMode
		ADDED from src\main\AndroidManifest.xml:91:13-43
	android:name
		ADDED from src\main\AndroidManifest.xml:90:13-88
activity#com.huejie.osmdroid.more.activity.ChooseFolderActivity
ADDED from src\main\AndroidManifest.xml:93:9-96:52
	android:screenOrientation
		ADDED from src\main\AndroidManifest.xml:96:13-49
	android:launchMode
		ADDED from src\main\AndroidManifest.xml:95:13-43
	android:name
		ADDED from src\main\AndroidManifest.xml:94:13-63
activity#com.huejie.osmdroid.activity.ModelActivity
ADDED from src\main\AndroidManifest.xml:97:9-100:52
	android:screenOrientation
		ADDED from src\main\AndroidManifest.xml:100:13-49
	android:launchMode
		ADDED from src\main\AndroidManifest.xml:99:13-43
	android:name
		ADDED from src\main\AndroidManifest.xml:98:13-51
activity#com.huejie.osmdroid.more.activity.MarkSettingActivity
ADDED from src\main\AndroidManifest.xml:101:9-104:52
	android:screenOrientation
		ADDED from src\main\AndroidManifest.xml:104:13-49
	android:launchMode
		ADDED from src\main\AndroidManifest.xml:103:13-43
	android:name
		ADDED from src\main\AndroidManifest.xml:102:13-62
activity#com.huejie.osmdroid.more.activity.MapFavotiresActivity
ADDED from src\main\AndroidManifest.xml:105:9-108:52
	android:screenOrientation
		ADDED from src\main\AndroidManifest.xml:108:13-49
	android:launchMode
		ADDED from src\main\AndroidManifest.xml:107:13-43
	android:name
		ADDED from src\main\AndroidManifest.xml:106:13-63
activity#com.huejie.osmdroid.more.activity.FavoritesActivity
ADDED from src\main\AndroidManifest.xml:109:9-112:52
	android:screenOrientation
		ADDED from src\main\AndroidManifest.xml:112:13-49
	android:launchMode
		ADDED from src\main\AndroidManifest.xml:111:13-43
	android:name
		ADDED from src\main\AndroidManifest.xml:110:13-60
activity#com.huejie.osmdroid.project.recordbook.activity.AreaChooseActivity
ADDED from src\main\AndroidManifest.xml:113:9-116:52
	android:screenOrientation
		ADDED from src\main\AndroidManifest.xml:116:13-49
	android:launchMode
		ADDED from src\main\AndroidManifest.xml:115:13-43
	android:name
		ADDED from src\main\AndroidManifest.xml:114:13-75
activity#com.huejie.osmdroid.more.mapdownload.ChooseDownloadTypeActivity
ADDED from src\main\AndroidManifest.xml:117:9-120:52
	android:screenOrientation
		ADDED from src\main\AndroidManifest.xml:120:13-49
	android:launchMode
		ADDED from src\main\AndroidManifest.xml:119:13-43
	android:name
		ADDED from src\main\AndroidManifest.xml:118:13-72
activity#com.huejie.osmdroid.project.recordbook.activity.RectMapDownloadActivity
ADDED from src\main\AndroidManifest.xml:121:9-123:52
	android:screenOrientation
		ADDED from src\main\AndroidManifest.xml:123:13-49
	android:name
		ADDED from src\main\AndroidManifest.xml:122:13-80
activity#com.huejie.osmdroid.project.recordbook.activity.BookDetailActivity
ADDED from src\main\AndroidManifest.xml:124:9-127:52
	android:screenOrientation
		ADDED from src\main\AndroidManifest.xml:127:13-49
	android:launchMode
		ADDED from src\main\AndroidManifest.xml:126:13-43
	android:name
		ADDED from src\main\AndroidManifest.xml:125:13-75
activity#com.huejie.osmdroid.project.recordbook.activity.PaintActivity
ADDED from src\main\AndroidManifest.xml:128:9-131:52
	android:screenOrientation
		ADDED from src\main\AndroidManifest.xml:131:13-49
	android:launchMode
		ADDED from src\main\AndroidManifest.xml:130:13-43
	android:name
		ADDED from src\main\AndroidManifest.xml:129:13-70
activity#com.huejie.osmdroid.project.recordbook.activity.AudioSelectActivity
ADDED from src\main\AndroidManifest.xml:132:9-135:52
	android:screenOrientation
		ADDED from src\main\AndroidManifest.xml:135:13-49
	android:launchMode
		ADDED from src\main\AndroidManifest.xml:134:13-43
	android:name
		ADDED from src\main\AndroidManifest.xml:133:13-76
activity#com.huejie.osmdroid.project.recordbook.activity.VideoSelectActivity
ADDED from src\main\AndroidManifest.xml:136:9-139:52
	android:screenOrientation
		ADDED from src\main\AndroidManifest.xml:139:13-49
	android:launchMode
		ADDED from src\main\AndroidManifest.xml:138:13-43
	android:name
		ADDED from src\main\AndroidManifest.xml:137:13-76
activity#com.huejie.osmdroid.project.recordbook.activity.RecordBookActivity
ADDED from src\main\AndroidManifest.xml:140:9-143:52
	android:screenOrientation
		ADDED from src\main\AndroidManifest.xml:143:13-49
	android:launchMode
		ADDED from src\main\AndroidManifest.xml:142:13-43
	android:name
		ADDED from src\main\AndroidManifest.xml:141:13-75
activity#com.huejie.osmdroid.project.recordbook.activity.PhotoViewActivity
ADDED from src\main\AndroidManifest.xml:144:9-147:52
	android:screenOrientation
		ADDED from src\main\AndroidManifest.xml:147:13-49
	android:launchMode
		ADDED from src\main\AndroidManifest.xml:146:13-43
	android:name
		ADDED from src\main\AndroidManifest.xml:145:13-74
activity#com.huejie.osmdroid.activity.LoginActivity
ADDED from src\main\AndroidManifest.xml:148:9-151:52
	android:screenOrientation
		ADDED from src\main\AndroidManifest.xml:151:13-49
	android:launchMode
		ADDED from src\main\AndroidManifest.xml:150:13-44
	android:name
		ADDED from src\main\AndroidManifest.xml:149:13-51
activity#com.huejie.osmdroid.more.activity.MapSettingActivity
ADDED from src\main\AndroidManifest.xml:152:9-156:59
	android:screenOrientation
		ADDED from src\main\AndroidManifest.xml:155:13-49
	android:launchMode
		ADDED from src\main\AndroidManifest.xml:154:13-43
	android:theme
		ADDED from src\main\AndroidManifest.xml:156:13-56
	android:name
		ADDED from src\main\AndroidManifest.xml:153:13-61
activity#com.huejie.osmdroid.activity.BaseActivity
ADDED from src\main\AndroidManifest.xml:157:9-160:59
	android:label
		ADDED from src\main\AndroidManifest.xml:159:13-56
	android:theme
		ADDED from src\main\AndroidManifest.xml:160:13-56
	android:name
		ADDED from src\main\AndroidManifest.xml:158:13-50
activity#com.huejie.osmdroid.activity.MainActivity
ADDED from src\main\AndroidManifest.xml:161:9-164:59
	android:screenOrientation
		ADDED from src\main\AndroidManifest.xml:163:13-49
	android:theme
		ADDED from src\main\AndroidManifest.xml:164:13-56
	android:name
		ADDED from src\main\AndroidManifest.xml:162:13-50
service#com.huejie.osmdroid.trajectory.TrajectoryService
ADDED from src\main\AndroidManifest.xml:166:9-169:39
	android:enabled
		ADDED from src\main\AndroidManifest.xml:168:13-35
	android:exported
		ADDED from src\main\AndroidManifest.xml:169:13-36
	android:name
		ADDED from src\main\AndroidManifest.xml:167:13-57
service#com.huejie.osmdroid.more.mapdownload.MapDownloadService
ADDED from src\main\AndroidManifest.xml:170:9-173:39
	android:enabled
		ADDED from src\main\AndroidManifest.xml:172:13-35
	android:exported
		ADDED from src\main\AndroidManifest.xml:173:13-36
	android:name
		ADDED from src\main\AndroidManifest.xml:171:13-64
activity#com.huejie.osmdroid.activity.LaunchActivity
ADDED from src\main\AndroidManifest.xml:175:9-184:20
	android:screenOrientation
		ADDED from src\main\AndroidManifest.xml:177:13-49
	android:theme
		ADDED from src\main\AndroidManifest.xml:178:13-56
	android:name
		ADDED from src\main\AndroidManifest.xml:176:13-52
intent-filter#action:name:android.intent.action.MAIN+category:name:android.intent.category.LAUNCHER
ADDED from src\main\AndroidManifest.xml:179:13-183:29
action#android.intent.action.MAIN
ADDED from src\main\AndroidManifest.xml:180:17-69
	android:name
		ADDED from src\main\AndroidManifest.xml:180:25-66
category#android.intent.category.LAUNCHER
ADDED from src\main\AndroidManifest.xml:182:17-77
	android:name
		ADDED from src\main\AndroidManifest.xml:182:27-74
activity#com.tencent.bugly.beta.ui.BetaActivity
ADDED from src\main\AndroidManifest.xml:185:9-188:64
MERGED from [com.tencent.bugly:crashreport_upgrade:1.3.6] AndroidManifest.xml:23:9-27:56
MERGED from [com.tencent.bugly:crashreport_upgrade:1.3.6] AndroidManifest.xml:23:9-27:56
	android:configChanges
		ADDED from src\main\AndroidManifest.xml:187:13-81
	android:theme
		ADDED from src\main\AndroidManifest.xml:188:13-61
	tools:replace
		ADDED from [com.tencent.bugly:crashreport_upgrade:1.3.6] AndroidManifest.xml:27:13-53
	android:name
		ADDED from src\main\AndroidManifest.xml:186:13-66
activity#com.huejie.osmdroid.project.recordbook.activity.SmallBridgeCulvertInitialActivity
ADDED from src\main\AndroidManifest.xml:200:9-202:58
	android:screenOrientation
		ADDED from src\main\AndroidManifest.xml:201:13-49
	android:theme
		ADDED from src\main\AndroidManifest.xml:202:13-56
	android:name
		ADDED from src\main\AndroidManifest.xml:200:19-96
activity#com.huejie.osmdroid.project.recordbook.activity.SmallBridgeCulvertFloodSurveyActivity
ADDED from src\main\AndroidManifest.xml:203:9-205:58
	android:screenOrientation
		ADDED from src\main\AndroidManifest.xml:204:13-49
	android:theme
		ADDED from src\main\AndroidManifest.xml:205:13-56
	android:name
		ADDED from src\main\AndroidManifest.xml:203:19-100
uses-sdk
INJECTED from src\main\AndroidManifest.xml reason: use-sdk injection requested
INJECTED from src\main\AndroidManifest.xml
INJECTED from src\main\AndroidManifest.xml
MERGED from [com.android.support:multidex:1.0.3] AndroidManifest.xml:20:5-43
MERGED from [com.android.support:multidex:1.0.3] AndroidManifest.xml:20:5-43